Analysis & Synthesis report for IQ_mod_demod
Fri Jan 11 16:10:39 2019
Quartus Prime Version 18.1.0 Build 625 09/12/2018 SJ Lite Edition


---------------------
; Table of Contents ;
---------------------
  1. Legal Notice
  2. Analysis & Synthesis Summary
  3. Analysis & Synthesis Settings
  4. Parallel Compilation
  5. Analysis & Synthesis Source Files Read
  6. Analysis & Synthesis Resource Usage Summary
  7. Analysis & Synthesis Resource Utilization by Entity
  8. Analysis & Synthesis RAM Summary
  9. General Register Statistics
 10. Registers Packed Into Inferred Megafunctions
 11. Multiplexer Restructuring Statistics (Restructuring Performed)
 12. Source assignments for altsyncram:lut_rom_rtl_0|altsyncram_04e1:auto_generated
 13. Parameter Settings for Inferred Entity Instance: altsyncram:lut_rom_rtl_0
 14. Parameter Settings for Inferred Entity Instance: lpm_divide:Mod0
 15. altsyncram Parameter Settings by Entity Instance
 16. Post-Synthesis Netlist Statistics for Top Partition
 17. Elapsed Time Per Partition
 18. Analysis & Synthesis Messages



----------------
; Legal Notice ;
----------------
Copyright (C) 2018  Intel Corporation. All rights reserved.
Your use of Intel Corporation's design tools, logic functions 
and other software and tools, and its AMPP partner logic 
functions, and any output files from any of the foregoing 
(including device programming or simulation files), and any 
associated documentation or information are expressly subject 
to the terms and conditions of the Intel Program License 
Subscription Agreement, the Intel Quartus Prime License Agreement,
the Intel FPGA IP License Agreement, or other applicable license
agreement, including, without limitation, that your use is for
the sole purpose of programming logic devices manufactured by
Intel and sold by Intel or its authorized distributors.  Please
refer to the applicable agreement for further details.



+-------------------------------------------------------------------------------+
; Analysis & Synthesis Summary                                                  ;
+---------------------------------+---------------------------------------------+
; Analysis & Synthesis Status     ; Successful - Fri Jan 11 16:10:39 2019       ;
; Quartus Prime Version           ; 18.1.0 Build 625 09/12/2018 SJ Lite Edition ;
; Revision Name                   ; IQ_mod_demod                                ;
; Top-level Entity Name           ; IQ_mod_demod                                ;
; Family                          ; Cyclone V                                   ;
; Logic utilization (in ALMs)     ; N/A                                         ;
; Total registers                 ; 19                                          ;
; Total pins                      ; 35                                          ;
; Total virtual pins              ; 0                                           ;
; Total block memory bits         ; 6,144                                       ;
; Total DSP Blocks                ; 0                                           ;
; Total HSSI RX PCSs              ; 0                                           ;
; Total HSSI PMA RX Deserializers ; 0                                           ;
; Total HSSI TX PCSs              ; 0                                           ;
; Total HSSI PMA TX Serializers   ; 0                                           ;
; Total PLLs                      ; 0                                           ;
; Total DLLs                      ; 0                                           ;
+---------------------------------+---------------------------------------------+


+---------------------------------------------------------------------------------------------------------------------------+
; Analysis & Synthesis Settings                                                                                             ;
+---------------------------------------------------------------------------------+--------------------+--------------------+
; Option                                                                          ; Setting            ; Default Value      ;
+---------------------------------------------------------------------------------+--------------------+--------------------+
; Device                                                                          ; 5CSXFC6D6F31C6     ;                    ;
; Top-level entity name                                                           ; IQ_mod_demod       ; IQ_mod_demod       ;
; Family name                                                                     ; Cyclone V          ; Cyclone V          ;
; Use smart compilation                                                           ; Off                ; Off                ;
; Enable parallel Assembler and Timing Analyzer during compilation                ; On                 ; On                 ;
; Enable compact report table                                                     ; Off                ; Off                ;
; Restructure Multiplexers                                                        ; Auto               ; Auto               ;
; MLAB Add Timing Constraints For Mixed-Port Feed-Through Mode Setting Don't Care ; Off                ; Off                ;
; Create Debugging Nodes for IP Cores                                             ; Off                ; Off                ;
; Preserve fewer node names                                                       ; On                 ; On                 ;
; Intel FPGA IP Evaluation Mode                                                   ; Enable             ; Enable             ;
; Verilog Version                                                                 ; Verilog_2001       ; Verilog_2001       ;
; VHDL Version                                                                    ; VHDL_1993          ; VHDL_1993          ;
; State Machine Processing                                                        ; Auto               ; Auto               ;
; Safe State Machine                                                              ; Off                ; Off                ;
; Extract Verilog State Machines                                                  ; On                 ; On                 ;
; Extract VHDL State Machines                                                     ; On                 ; On                 ;
; Ignore Verilog initial constructs                                               ; Off                ; Off                ;
; Iteration limit for constant Verilog loops                                      ; 5000               ; 5000               ;
; Iteration limit for non-constant Verilog loops                                  ; 250                ; 250                ;
; Add Pass-Through Logic to Inferred RAMs                                         ; On                 ; On                 ;
; Infer RAMs from Raw Logic                                                       ; On                 ; On                 ;
; Parallel Synthesis                                                              ; On                 ; On                 ;
; DSP Block Balancing                                                             ; Auto               ; Auto               ;
; NOT Gate Push-Back                                                              ; On                 ; On                 ;
; Power-Up Don't Care                                                             ; On                 ; On                 ;
; Remove Redundant Logic Cells                                                    ; Off                ; Off                ;
; Remove Duplicate Registers                                                      ; On                 ; On                 ;
; Ignore CARRY Buffers                                                            ; Off                ; Off                ;
; Ignore CASCADE Buffers                                                          ; Off                ; Off                ;
; Ignore GLOBAL Buffers                                                           ; Off                ; Off                ;
; Ignore ROW GLOBAL Buffers                                                       ; Off                ; Off                ;
; Ignore LCELL Buffers                                                            ; Off                ; Off                ;
; Ignore SOFT Buffers                                                             ; On                 ; On                 ;
; Limit AHDL Integers to 32 Bits                                                  ; Off                ; Off                ;
; Optimization Technique                                                          ; Balanced           ; Balanced           ;
; Carry Chain Length                                                              ; 70                 ; 70                 ;
; Auto Carry Chains                                                               ; On                 ; On                 ;
; Auto Open-Drain Pins                                                            ; On                 ; On                 ;
; Perform WYSIWYG Primitive Resynthesis                                           ; Off                ; Off                ;
; Auto ROM Replacement                                                            ; On                 ; On                 ;
; Auto RAM Replacement                                                            ; On                 ; On                 ;
; Auto DSP Block Replacement                                                      ; On                 ; On                 ;
; Auto Shift Register Replacement                                                 ; Auto               ; Auto               ;
; Allow Shift Register Merging across Hierarchies                                 ; Auto               ; Auto               ;
; Auto Clock Enable Replacement                                                   ; On                 ; On                 ;
; Strict RAM Replacement                                                          ; Off                ; Off                ;
; Allow Synchronous Control Signals                                               ; On                 ; On                 ;
; Force Use of Synchronous Clear Signals                                          ; Off                ; Off                ;
; Auto Resource Sharing                                                           ; Off                ; Off                ;
; Allow Any RAM Size For Recognition                                              ; Off                ; Off                ;
; Allow Any ROM Size For Recognition                                              ; Off                ; Off                ;
; Allow Any Shift Register Size For Recognition                                   ; Off                ; Off                ;
; Use LogicLock Constraints during Resource Balancing                             ; On                 ; On                 ;
; Ignore translate_off and synthesis_off directives                               ; Off                ; Off                ;
; Timing-Driven Synthesis                                                         ; On                 ; On                 ;
; Report Parameter Settings                                                       ; On                 ; On                 ;
; Report Source Assignments                                                       ; On                 ; On                 ;
; Report Connectivity Checks                                                      ; On                 ; On                 ;
; Ignore Maximum Fan-Out Assignments                                              ; Off                ; Off                ;
; Synchronization Register Chain Length                                           ; 3                  ; 3                  ;
; Power Optimization During Synthesis                                             ; Normal compilation ; Normal compilation ;
; HDL message level                                                               ; Level2             ; Level2             ;
; Suppress Register Optimization Related Messages                                 ; Off                ; Off                ;
; Number of Removed Registers Reported in Synthesis Report                        ; 5000               ; 5000               ;
; Number of Swept Nodes Reported in Synthesis Report                              ; 5000               ; 5000               ;
; Number of Inverted Registers Reported in Synthesis Report                       ; 100                ; 100                ;
; Clock MUX Protection                                                            ; On                 ; On                 ;
; Auto Gated Clock Conversion                                                     ; Off                ; Off                ;
; Block Design Naming                                                             ; Auto               ; Auto               ;
; SDC constraint protection                                                       ; Off                ; Off                ;
; Synthesis Effort                                                                ; Auto               ; Auto               ;
; Shift Register Replacement - Allow Asynchronous Clear Signal                    ; On                 ; On                 ;
; Pre-Mapping Resynthesis Optimization                                            ; Off                ; Off                ;
; Analysis & Synthesis Message Level                                              ; Medium             ; Medium             ;
; Disable Register Merging Across Hierarchies                                     ; Auto               ; Auto               ;
; Resource Aware Inference For Block RAM                                          ; On                 ; On                 ;
; Automatic Parallel Synthesis                                                    ; On                 ; On                 ;
; Partial Reconfiguration Bitstream ID                                            ; Off                ; Off                ;
+---------------------------------------------------------------------------------+--------------------+--------------------+


+------------------------------------------+
; Parallel Compilation                     ;
+----------------------------+-------------+
; Processors                 ; Number      ;
+----------------------------+-------------+
; Number detected on machine ; 8           ;
; Maximum allowed            ; 4           ;
;                            ;             ;
; Average used               ; 1.00        ;
; Maximum used               ; 4           ;
;                            ;             ;
; Usage by Processor         ; % Time Used ;
;     Processor 1            ; 100.0%      ;
;     Processors 2-4         ;   0.0%      ;
+----------------------------+-------------+


+----------------------------------------------------------------------------------------------------------------------------------------------------------------------------------------------------------------------------------------------------------------+
; Analysis & Synthesis Source Files Read                                                                                                                                                                                                                         ;
+----------------------------------------------------+-----------------+-------------------------------------------------------+-----------------------------------------------------------------------------------------------------------------------+---------+
; File Name with User-Entered Path                   ; Used in Netlist ; File Type                                             ; File Name with Absolute Path                                                                                          ; Library ;
+----------------------------------------------------+-----------------+-------------------------------------------------------+-----------------------------------------------------------------------------------------------------------------------+---------+
; IQ_mod_demod.sv                                    ; yes             ; User SystemVerilog HDL File                           ; D:/HDA/1_sem/SignalProcessingHardware/project/IQ_Mod_Demod/Quartus/IQ_mod_demod.sv                                    ;         ;
; sine_0_360_24bit_256.txt                           ; yes             ; Auto-Found File                                       ; D:/HDA/1_sem/SignalProcessingHardware/project/IQ_Mod_Demod/Quartus/sine_0_360_24bit_256.txt                           ;         ;
; altsyncram.tdf                                     ; yes             ; Megafunction                                          ; c:/intelfpga_lite/18.1/quartus/libraries/megafunctions/altsyncram.tdf                                                 ;         ;
; stratix_ram_block.inc                              ; yes             ; Megafunction                                          ; c:/intelfpga_lite/18.1/quartus/libraries/megafunctions/stratix_ram_block.inc                                          ;         ;
; lpm_mux.inc                                        ; yes             ; Megafunction                                          ; c:/intelfpga_lite/18.1/quartus/libraries/megafunctions/lpm_mux.inc                                                    ;         ;
; lpm_decode.inc                                     ; yes             ; Megafunction                                          ; c:/intelfpga_lite/18.1/quartus/libraries/megafunctions/lpm_decode.inc                                                 ;         ;
; aglobal181.inc                                     ; yes             ; Megafunction                                          ; c:/intelfpga_lite/18.1/quartus/libraries/megafunctions/aglobal181.inc                                                 ;         ;
; a_rdenreg.inc                                      ; yes             ; Megafunction                                          ; c:/intelfpga_lite/18.1/quartus/libraries/megafunctions/a_rdenreg.inc                                                  ;         ;
; altrom.inc                                         ; yes             ; Megafunction                                          ; c:/intelfpga_lite/18.1/quartus/libraries/megafunctions/altrom.inc                                                     ;         ;
; altram.inc                                         ; yes             ; Megafunction                                          ; c:/intelfpga_lite/18.1/quartus/libraries/megafunctions/altram.inc                                                     ;         ;
; altdpram.inc                                       ; yes             ; Megafunction                                          ; c:/intelfpga_lite/18.1/quartus/libraries/megafunctions/altdpram.inc                                                   ;         ;
; db/altsyncram_04e1.tdf                             ; yes             ; Auto-Generated Megafunction                           ; D:/HDA/1_sem/SignalProcessingHardware/project/IQ_Mod_Demod/Quartus/db/altsyncram_04e1.tdf                             ;         ;
; db/iq_mod_demod.ram0_iq_mod_demod_26a156c2.hdl.mif ; yes             ; Auto-Generated Auto-Found Memory Initialization File  ; D:/HDA/1_sem/SignalProcessingHardware/project/IQ_Mod_Demod/Quartus/db/iq_mod_demod.ram0_iq_mod_demod_26a156c2.hdl.mif ;         ;
; lpm_divide.tdf                                     ; yes             ; Megafunction                                          ; c:/intelfpga_lite/18.1/quartus/libraries/megafunctions/lpm_divide.tdf                                                 ;         ;
; abs_divider.inc                                    ; yes             ; Megafunction                                          ; c:/intelfpga_lite/18.1/quartus/libraries/megafunctions/abs_divider.inc                                                ;         ;
; sign_div_unsign.inc                                ; yes             ; Megafunction                                          ; c:/intelfpga_lite/18.1/quartus/libraries/megafunctions/sign_div_unsign.inc                                            ;         ;
; db/lpm_divide_15m.tdf                              ; yes             ; Auto-Generated Megafunction                           ; D:/HDA/1_sem/SignalProcessingHardware/project/IQ_Mod_Demod/Quartus/db/lpm_divide_15m.tdf                              ;         ;
; db/sign_div_unsign_4nh.tdf                         ; yes             ; Auto-Generated Megafunction                           ; D:/HDA/1_sem/SignalProcessingHardware/project/IQ_Mod_Demod/Quartus/db/sign_div_unsign_4nh.tdf                         ;         ;
; db/alt_u_div_e2f.tdf                               ; yes             ; Auto-Generated Megafunction                           ; D:/HDA/1_sem/SignalProcessingHardware/project/IQ_Mod_Demod/Quartus/db/alt_u_div_e2f.tdf                               ;         ;
+----------------------------------------------------+-----------------+-------------------------------------------------------+-----------------------------------------------------------------------------------------------------------------------+---------+


+---------------------------------------------------------+
; Analysis & Synthesis Resource Usage Summary             ;
+---------------------------------------------+-----------+
; Resource                                    ; Usage     ;
+---------------------------------------------+-----------+
; Estimate of Logic utilization (ALMs needed) ; 35        ;
;                                             ;           ;
; Combinational ALUT usage for logic          ; 69        ;
;     -- 7 input functions                    ; 0         ;
;     -- 6 input functions                    ; 0         ;
;     -- 5 input functions                    ; 8         ;
;     -- 4 input functions                    ; 6         ;
;     -- <=3 input functions                  ; 55        ;
;                                             ;           ;
; Dedicated logic registers                   ; 19        ;
;                                             ;           ;
; I/O pins                                    ; 35        ;
; Total MLAB memory bits                      ; 0         ;
; Total block memory bits                     ; 6144      ;
;                                             ;           ;
; Total DSP Blocks                            ; 0         ;
;                                             ;           ;
; Maximum fan-out node                        ; clk~input ;
; Maximum fan-out                             ; 43        ;
; Total fan-out                               ; 535       ;
; Average fan-out                             ; 2.94      ;
+---------------------------------------------+-----------+


+------------------------------------------------------------------------------------------------------------------------------------------------------------------------------------------------------------------------------------------------------------------------------------------------------+
; Analysis & Synthesis Resource Utilization by Entity                                                                                                                                                                                                                                                  ;
+----------------------------------------+---------------------+---------------------------+-------------------+------------+------+--------------+---------------------------------------------------------------------------------------------------------------+---------------------+--------------+
; Compilation Hierarchy Node             ; Combinational ALUTs ; Dedicated Logic Registers ; Block Memory Bits ; DSP Blocks ; Pins ; Virtual Pins ; Full Hierarchy Name                                                                                           ; Entity Name         ; Library Name ;
+----------------------------------------+---------------------+---------------------------+-------------------+------------+------+--------------+---------------------------------------------------------------------------------------------------------------+---------------------+--------------+
; |IQ_mod_demod                          ; 69 (23)             ; 19 (19)                   ; 6144              ; 0          ; 35   ; 0            ; |IQ_mod_demod                                                                                                 ; IQ_mod_demod        ; work         ;
;    |altsyncram:lut_rom_rtl_0|          ; 0 (0)               ; 0 (0)                     ; 6144              ; 0          ; 0    ; 0            ; |IQ_mod_demod|altsyncram:lut_rom_rtl_0                                                                        ; altsyncram          ; work         ;
;       |altsyncram_04e1:auto_generated| ; 0 (0)               ; 0 (0)                     ; 6144              ; 0          ; 0    ; 0            ; |IQ_mod_demod|altsyncram:lut_rom_rtl_0|altsyncram_04e1:auto_generated                                         ; altsyncram_04e1     ; work         ;
;    |lpm_divide:Mod0|                   ; 46 (0)              ; 0 (0)                     ; 0                 ; 0          ; 0    ; 0            ; |IQ_mod_demod|lpm_divide:Mod0                                                                                 ; lpm_divide          ; work         ;
;       |lpm_divide_15m:auto_generated|  ; 46 (0)              ; 0 (0)                     ; 0                 ; 0          ; 0    ; 0            ; |IQ_mod_demod|lpm_divide:Mod0|lpm_divide_15m:auto_generated                                                   ; lpm_divide_15m      ; work         ;
;          |sign_div_unsign_4nh:divider| ; 46 (0)              ; 0 (0)                     ; 0                 ; 0          ; 0    ; 0            ; |IQ_mod_demod|lpm_divide:Mod0|lpm_divide_15m:auto_generated|sign_div_unsign_4nh:divider                       ; sign_div_unsign_4nh ; work         ;
;             |alt_u_div_e2f:divider|    ; 46 (46)             ; 0 (0)                     ; 0                 ; 0          ; 0    ; 0            ; |IQ_mod_demod|lpm_divide:Mod0|lpm_divide_15m:auto_generated|sign_div_unsign_4nh:divider|alt_u_div_e2f:divider ; alt_u_div_e2f       ; work         ;
+----------------------------------------+---------------------+---------------------------+-------------------+------------+------+--------------+---------------------------------------------------------------------------------------------------------------+---------------------+--------------+
Note: For table entries with two numbers listed, the numbers in parentheses indicate the number of resources of the given type used by the specific entity alone. The numbers listed outside of parentheses indicate the total resources of the given type used by the specific entity and all of its sub-entities in the hierarchy.


+----------------------------------------------------------------------------------------------------------------------------------------------------------------------------------------------------------+
; Analysis & Synthesis RAM Summary                                                                                                                                                                         ;
+--------------------------------------------------------------------+------+------+--------------+--------------+--------------+--------------+------+----------------------------------------------------+
; Name                                                               ; Type ; Mode ; Port A Depth ; Port A Width ; Port B Depth ; Port B Width ; Size ; MIF                                                ;
+--------------------------------------------------------------------+------+------+--------------+--------------+--------------+--------------+------+----------------------------------------------------+
; altsyncram:lut_rom_rtl_0|altsyncram_04e1:auto_generated|ALTSYNCRAM ; AUTO ; ROM  ; 256          ; 24           ; --           ; --           ; 6144 ; db/IQ_mod_demod.ram0_IQ_mod_demod_26a156c2.hdl.mif ;
+--------------------------------------------------------------------+------+------+--------------+--------------+--------------+--------------+------+----------------------------------------------------+


+------------------------------------------------------+
; General Register Statistics                          ;
+----------------------------------------------+-------+
; Statistic                                    ; Value ;
+----------------------------------------------+-------+
; Total registers                              ; 19    ;
; Number of registers using Synchronous Clear  ; 19    ;
; Number of registers using Synchronous Load   ; 0     ;
; Number of registers using Asynchronous Clear ; 0     ;
; Number of registers using Asynchronous Load  ; 0     ;
; Number of registers using Clock Enable       ; 8     ;
; Number of registers using Preset             ; 0     ;
+----------------------------------------------+-------+


+----------------------------------------------+
; Registers Packed Into Inferred Megafunctions ;
+---------------+---------------+--------------+
; Register Name ; Megafunction  ; Type         ;
+---------------+---------------+--------------+
; q[0]~reg0     ; lut_rom_rtl_0 ; RAM          ;
; q[1]~reg0     ; lut_rom_rtl_0 ; RAM          ;
; q[2]~reg0     ; lut_rom_rtl_0 ; RAM          ;
; q[3]~reg0     ; lut_rom_rtl_0 ; RAM          ;
; q[4]~reg0     ; lut_rom_rtl_0 ; RAM          ;
; q[5]~reg0     ; lut_rom_rtl_0 ; RAM          ;
; q[6]~reg0     ; lut_rom_rtl_0 ; RAM          ;
; q[7]~reg0     ; lut_rom_rtl_0 ; RAM          ;
; q[8]~reg0     ; lut_rom_rtl_0 ; RAM          ;
; q[9]~reg0     ; lut_rom_rtl_0 ; RAM          ;
; q[10]~reg0    ; lut_rom_rtl_0 ; RAM          ;
; q[11]~reg0    ; lut_rom_rtl_0 ; RAM          ;
; q[12]~reg0    ; lut_rom_rtl_0 ; RAM          ;
; q[13]~reg0    ; lut_rom_rtl_0 ; RAM          ;
; q[14]~reg0    ; lut_rom_rtl_0 ; RAM          ;
; q[15]~reg0    ; lut_rom_rtl_0 ; RAM          ;
; q[16]~reg0    ; lut_rom_rtl_0 ; RAM          ;
; q[17]~reg0    ; lut_rom_rtl_0 ; RAM          ;
; q[18]~reg0    ; lut_rom_rtl_0 ; RAM          ;
; q[19]~reg0    ; lut_rom_rtl_0 ; RAM          ;
; q[20]~reg0    ; lut_rom_rtl_0 ; RAM          ;
; q[21]~reg0    ; lut_rom_rtl_0 ; RAM          ;
; q[22]~reg0    ; lut_rom_rtl_0 ; RAM          ;
; q[23]~reg0    ; lut_rom_rtl_0 ; RAM          ;
+---------------+---------------+--------------+


+--------------------------------------------------------------------------------------------------------------------------------------------------+
; Multiplexer Restructuring Statistics (Restructuring Performed)                                                                                   ;
+--------------------+-----------+---------------+----------------------+------------------------+------------+------------------------------------+
; Multiplexer Inputs ; Bus Width ; Baseline Area ; Area if Restructured ; Saving if Restructured ; Registered ; Example Multiplexer Output         ;
+--------------------+-----------+---------------+----------------------+------------------------+------------+------------------------------------+
; 3:1                ; 8 bits    ; 16 LEs        ; 0 LEs                ; 16 LEs                 ; Yes        ; |IQ_mod_demod|phase_accumulator[0] ;
+--------------------+-----------+---------------+----------------------+------------------------+------------+------------------------------------+


+--------------------------------------------------------------------------------+
; Source assignments for altsyncram:lut_rom_rtl_0|altsyncram_04e1:auto_generated ;
+---------------------------------+--------------------+------+------------------+
; Assignment                      ; Value              ; From ; To               ;
+---------------------------------+--------------------+------+------------------+
; OPTIMIZE_POWER_DURING_SYNTHESIS ; NORMAL_COMPILATION ; -    ; -                ;
+---------------------------------+--------------------+------+------------------+


+----------------------------------------------------------------------------------------------------------+
; Parameter Settings for Inferred Entity Instance: altsyncram:lut_rom_rtl_0                                ;
+------------------------------------+----------------------------------------------------+----------------+
; Parameter Name                     ; Value                                              ; Type           ;
+------------------------------------+----------------------------------------------------+----------------+
; BYTE_SIZE_BLOCK                    ; 8                                                  ; Untyped        ;
; AUTO_CARRY_CHAINS                  ; ON                                                 ; AUTO_CARRY     ;
; IGNORE_CARRY_BUFFERS               ; OFF                                                ; IGNORE_CARRY   ;
; AUTO_CASCADE_CHAINS                ; ON                                                 ; AUTO_CASCADE   ;
; IGNORE_CASCADE_BUFFERS             ; OFF                                                ; IGNORE_CASCADE ;
; WIDTH_BYTEENA                      ; 1                                                  ; Untyped        ;
; OPERATION_MODE                     ; ROM                                                ; Untyped        ;
; WIDTH_A                            ; 24                                                 ; Untyped        ;
; WIDTHAD_A                          ; 8                                                  ; Untyped        ;
; NUMWORDS_A                         ; 256                                                ; Untyped        ;
; OUTDATA_REG_A                      ; UNREGISTERED                                       ; Untyped        ;
; ADDRESS_ACLR_A                     ; NONE                                               ; Untyped        ;
; OUTDATA_ACLR_A                     ; NONE                                               ; Untyped        ;
; WRCONTROL_ACLR_A                   ; NONE                                               ; Untyped        ;
; INDATA_ACLR_A                      ; NONE                                               ; Untyped        ;
; BYTEENA_ACLR_A                     ; NONE                                               ; Untyped        ;
; WIDTH_B                            ; 1                                                  ; Untyped        ;
; WIDTHAD_B                          ; 1                                                  ; Untyped        ;
; NUMWORDS_B                         ; 1                                                  ; Untyped        ;
; INDATA_REG_B                       ; CLOCK1                                             ; Untyped        ;
; WRCONTROL_WRADDRESS_REG_B          ; CLOCK1                                             ; Untyped        ;
; RDCONTROL_REG_B                    ; CLOCK1                                             ; Untyped        ;
; ADDRESS_REG_B                      ; CLOCK1                                             ; Untyped        ;
; OUTDATA_REG_B                      ; UNREGISTERED                                       ; Untyped        ;
; BYTEENA_REG_B                      ; CLOCK1                                             ; Untyped        ;
; INDATA_ACLR_B                      ; NONE                                               ; Untyped        ;
; WRCONTROL_ACLR_B                   ; NONE                                               ; Untyped        ;
; ADDRESS_ACLR_B                     ; NONE                                               ; Untyped        ;
; OUTDATA_ACLR_B                     ; NONE                                               ; Untyped        ;
; RDCONTROL_ACLR_B                   ; NONE                                               ; Untyped        ;
; BYTEENA_ACLR_B                     ; NONE                                               ; Untyped        ;
; WIDTH_BYTEENA_A                    ; 1                                                  ; Untyped        ;
; WIDTH_BYTEENA_B                    ; 1                                                  ; Untyped        ;
; RAM_BLOCK_TYPE                     ; AUTO                                               ; Untyped        ;
; BYTE_SIZE                          ; 8                                                  ; Untyped        ;
; READ_DURING_WRITE_MODE_MIXED_PORTS ; DONT_CARE                                          ; Untyped        ;
; READ_DURING_WRITE_MODE_PORT_A      ; NEW_DATA_NO_NBE_READ                               ; Untyped        ;
; READ_DURING_WRITE_MODE_PORT_B      ; NEW_DATA_NO_NBE_READ                               ; Untyped        ;
; INIT_FILE                          ; db/IQ_mod_demod.ram0_IQ_mod_demod_26a156c2.hdl.mif ; Untyped        ;
; INIT_FILE_LAYOUT                   ; PORT_A                                             ; Untyped        ;
; MAXIMUM_DEPTH                      ; 0                                                  ; Untyped        ;
; CLOCK_ENABLE_INPUT_A               ; NORMAL                                             ; Untyped        ;
; CLOCK_ENABLE_INPUT_B               ; NORMAL                                             ; Untyped        ;
; CLOCK_ENABLE_OUTPUT_A              ; NORMAL                                             ; Untyped        ;
; CLOCK_ENABLE_OUTPUT_B              ; NORMAL                                             ; Untyped        ;
; CLOCK_ENABLE_CORE_A                ; USE_INPUT_CLKEN                                    ; Untyped        ;
; CLOCK_ENABLE_CORE_B                ; USE_INPUT_CLKEN                                    ; Untyped        ;
; ENABLE_ECC                         ; FALSE                                              ; Untyped        ;
; ECC_PIPELINE_STAGE_ENABLED         ; FALSE                                              ; Untyped        ;
; WIDTH_ECCSTATUS                    ; 3                                                  ; Untyped        ;
; DEVICE_FAMILY                      ; Cyclone V                                          ; Untyped        ;
; CBXI_PARAMETER                     ; altsyncram_04e1                                    ; Untyped        ;
+------------------------------------+----------------------------------------------------+----------------+
Note: In order to hide this table in the UI and the text report file, please set the "Show Parameter Settings in Synthesis Report" option in "Analysis and Synthesis Settings -> More Settings" to "Off".


+------------------------------------------------------------------+
; Parameter Settings for Inferred Entity Instance: lpm_divide:Mod0 ;
+------------------------+----------------+------------------------+
; Parameter Name         ; Value          ; Type                   ;
+------------------------+----------------+------------------------+
; LPM_WIDTHN             ; 12             ; Untyped                ;
; LPM_WIDTHD             ; 11             ; Untyped                ;
; LPM_NREPRESENTATION    ; UNSIGNED       ; Untyped                ;
; LPM_DREPRESENTATION    ; UNSIGNED       ; Untyped                ;
; LPM_PIPELINE           ; 0              ; Untyped                ;
; LPM_REMAINDERPOSITIVE  ; TRUE           ; Untyped                ;
; MAXIMIZE_SPEED         ; 5              ; Untyped                ;
; CBXI_PARAMETER         ; lpm_divide_15m ; Untyped                ;
; CARRY_CHAIN            ; MANUAL         ; Untyped                ;
; OPTIMIZE_FOR_SPEED     ; 5              ; Untyped                ;
; AUTO_CARRY_CHAINS      ; ON             ; AUTO_CARRY             ;
; IGNORE_CARRY_BUFFERS   ; OFF            ; IGNORE_CARRY           ;
; AUTO_CASCADE_CHAINS    ; ON             ; AUTO_CASCADE           ;
; IGNORE_CASCADE_BUFFERS ; OFF            ; IGNORE_CASCADE         ;
+------------------------+----------------+------------------------+
Note: In order to hide this table in the UI and the text report file, please set the "Show Parameter Settings in Synthesis Report" option in "Analysis and Synthesis Settings -> More Settings" to "Off".


+----------------------------------------------------------------------+
; altsyncram Parameter Settings by Entity Instance                     ;
+-------------------------------------------+--------------------------+
; Name                                      ; Value                    ;
+-------------------------------------------+--------------------------+
; Number of entity instances                ; 1                        ;
; Entity Instance                           ; altsyncram:lut_rom_rtl_0 ;
;     -- OPERATION_MODE                     ; ROM                      ;
;     -- WIDTH_A                            ; 24                       ;
;     -- NUMWORDS_A                         ; 256                      ;
;     -- OUTDATA_REG_A                      ; UNREGISTERED             ;
;     -- WIDTH_B                            ; 1                        ;
;     -- NUMWORDS_B                         ; 1                        ;
;     -- ADDRESS_REG_B                      ; CLOCK1                   ;
;     -- OUTDATA_REG_B                      ; UNREGISTERED             ;
;     -- RAM_BLOCK_TYPE                     ; AUTO                     ;
;     -- READ_DURING_WRITE_MODE_MIXED_PORTS ; DONT_CARE                ;
+-------------------------------------------+--------------------------+


+-----------------------------------------------------+
; Post-Synthesis Netlist Statistics for Top Partition ;
+-----------------------+-----------------------------+
; Type                  ; Count                       ;
+-----------------------+-----------------------------+
; arriav_ff             ; 19                          ;
;     ENA SCLR          ; 8                           ;
;     SCLR              ; 11                          ;
; arriav_lcell_comb     ; 70                          ;
;     arith             ; 44                          ;
;         0 data inputs ; 3                           ;
;         1 data inputs ; 21                          ;
;         2 data inputs ; 14                          ;
;         3 data inputs ; 6                           ;
;     normal            ; 26                          ;
;         1 data inputs ; 1                           ;
;         2 data inputs ; 10                          ;
;         3 data inputs ; 1                           ;
;         4 data inputs ; 6                           ;
;         5 data inputs ; 8                           ;
; boundary_port         ; 35                          ;
; stratixv_ram_block    ; 24                          ;
;                       ;                             ;
; Max LUT depth         ; 7.00                        ;
; Average LUT depth     ; 4.42                        ;
+-----------------------+-----------------------------+


+-------------------------------+
; Elapsed Time Per Partition    ;
+----------------+--------------+
; Partition Name ; Elapsed Time ;
+----------------+--------------+
; Top            ; 00:00:00     ;
+----------------+--------------+


+-------------------------------+
; Analysis & Synthesis Messages ;
+-------------------------------+
Info: *******************************************************************
Info: Running Quartus Prime Analysis & Synthesis
    Info: Version 18.1.0 Build 625 09/12/2018 SJ Lite Edition
    Info: Processing started: Fri Jan 11 16:10:28 2019
Info: Command: quartus_map --read_settings_files=on --write_settings_files=off IQ_mod_demod -c IQ_mod_demod
Warning (18236): Number of processors has not been specified which may cause overloading on shared machines.  Set the global assignment NUM_PARALLEL_PROCESSORS in your QSF to an appropriate value for best performance.
Info (20030): Parallel compilation is enabled and will use 4 of the 4 processors detected
Info (12021): Found 1 design units, including 1 entities, in source file iq_mod_demod.sv
    Info (12023): Found entity 1: IQ_mod_demod File: D:/HDA/1_sem/SignalProcessingHardware/project/IQ_Mod_Demod/Quartus/IQ_mod_demod.sv Line: 1
Info (12021): Found 1 design units, including 1 entities, in source file iq_mod_demod_tb.sv
    Info (12023): Found entity 1: IQ_mod_demod_tb File: D:/HDA/1_sem/SignalProcessingHardware/project/IQ_Mod_Demod/Quartus/IQ_mod_demod_tb.sv Line: 7
Info (12127): Elaborating entity "IQ_mod_demod" for the top level hierarchy
Warning (10230): Verilog HDL assignment warning at IQ_mod_demod.sv(13): truncated value with size 32 to match size of target (11) File: D:/HDA/1_sem/SignalProcessingHardware/project/IQ_Mod_Demod/Quartus/IQ_mod_demod.sv Line: 13
Warning (10030): Net "lut_rom.data_a" at IQ_mod_demod.sv(25) has no driver or initial value, using a default initial value '0' File: D:/HDA/1_sem/SignalProcessingHardware/project/IQ_Mod_Demod/Quartus/IQ_mod_demod.sv Line: 25
Warning (10030): Net "lut_rom.waddr_a" at IQ_mod_demod.sv(25) has no driver or initial value, using a default initial value '0' File: D:/HDA/1_sem/SignalProcessingHardware/project/IQ_Mod_Demod/Quartus/IQ_mod_demod.sv Line: 25
Warning (10030): Net "lut_rom.we_a" at IQ_mod_demod.sv(25) has no driver or initial value, using a default initial value '0' File: D:/HDA/1_sem/SignalProcessingHardware/project/IQ_Mod_Demod/Quartus/IQ_mod_demod.sv Line: 25
Info (19000): Inferred 1 megafunctions from design logic
    Info (276029): Inferred altsyncram megafunction from the following design logic: "lut_rom_rtl_0" 
        Info (286033): Parameter OPERATION_MODE set to ROM
        Info (286033): Parameter WIDTH_A set to 24
        Info (286033): Parameter WIDTHAD_A set to 8
        Info (286033): Parameter NUMWORDS_A set to 256
        Info (286033): Parameter OUTDATA_REG_A set to UNREGISTERED
        Info (286033): Parameter ADDRESS_ACLR_A set to NONE
        Info (286033): Parameter OUTDATA_ACLR_A set to NONE
        Info (286033): Parameter INDATA_ACLR_A set to NONE
        Info (286033): Parameter WRCONTROL_ACLR_A set to NONE
        Info (286033): Parameter INIT_FILE set to db/IQ_mod_demod.ram0_IQ_mod_demod_26a156c2.hdl.mif
Info (278001): Inferred 1 megafunctions from design logic
    Info (278004): Inferred divider/modulo megafunction ("lpm_divide") from the following logic: "Mod0" File: D:/HDA/1_sem/SignalProcessingHardware/project/IQ_Mod_Demod/Quartus/IQ_mod_demod.sv Line: 13
Info (12130): Elaborated megafunction instantiation "altsyncram:lut_rom_rtl_0"
Info (12133): Instantiated megafunction "altsyncram:lut_rom_rtl_0" with the following parameter:
    Info (12134): Parameter "OPERATION_MODE" = "ROM"
    Info (12134): Parameter "WIDTH_A" = "24"
    Info (12134): Parameter "WIDTHAD_A" = "8"
    Info (12134): Parameter "NUMWORDS_A" = "256"
    Info (12134): Parameter "OUTDATA_REG_A" = "UNREGISTERED"
    Info (12134): Parameter "ADDRESS_ACLR_A" = "NONE"
    Info (12134): Parameter "OUTDATA_ACLR_A" = "NONE"
    Info (12134): Parameter "INDATA_ACLR_A" = "NONE"
    Info (12134): Parameter "WRCONTROL_ACLR_A" = "NONE"
    Info (12134): Parameter "INIT_FILE" = "db/IQ_mod_demod.ram0_IQ_mod_demod_26a156c2.hdl.mif"
Info (12021): Found 1 design units, including 1 entities, in source file db/altsyncram_04e1.tdf
    Info (12023): Found entity 1: altsyncram_04e1 File: D:/HDA/1_sem/SignalProcessingHardware/project/IQ_Mod_Demod/Quartus/db/altsyncram_04e1.tdf Line: 27
Info (12130): Elaborated megafunction instantiation "lpm_divide:Mod0" File: D:/HDA/1_sem/SignalProcessingHardware/project/IQ_Mod_Demod/Quartus/IQ_mod_demod.sv Line: 13
Info (12133): Instantiated megafunction "lpm_divide:Mod0" with the following parameter: File: D:/HDA/1_sem/SignalProcessingHardware/project/IQ_Mod_Demod/Quartus/IQ_mod_demod.sv Line: 13
    Info (12134): Parameter "LPM_WIDTHN" = "12"
    Info (12134): Parameter "LPM_WIDTHD" = "11"
    Info (12134): Parameter "LPM_NREPRESENTATION" = "UNSIGNED"
    Info (12134): Parameter "LPM_DREPRESENTATION" = "UNSIGNED"
Info (12021): Found 1 design units, including 1 entities, in source file db/lpm_divide_15m.tdf
    Info (12023): Found entity 1: lpm_divide_15m File: D:/HDA/1_sem/SignalProcessingHardware/project/IQ_Mod_Demod/Quartus/db/lpm_divide_15m.tdf Line: 24
Info (12021): Found 1 design units, including 1 entities, in source file db/sign_div_unsign_4nh.tdf
    Info (12023): Found entity 1: sign_div_unsign_4nh File: D:/HDA/1_sem/SignalProcessingHardware/project/IQ_Mod_Demod/Quartus/db/sign_div_unsign_4nh.tdf Line: 24
Info (12021): Found 1 design units, including 1 entities, in source file db/alt_u_div_e2f.tdf
    Info (12023): Found entity 1: alt_u_div_e2f File: D:/HDA/1_sem/SignalProcessingHardware/project/IQ_Mod_Demod/Quartus/db/alt_u_div_e2f.tdf Line: 22
Info (286030): Timing-Driven Synthesis is running
Info (16010): Generating hard_block partition "hard_block:auto_generated_inst"
    Info (16011): Adding 0 node(s), including 0 DDIO, 0 PLL, 0 transceiver and 0 LCELL
Info (21057): Implemented 128 device resources after synthesis - the final resource count might be different
    Info (21058): Implemented 10 input pins
    Info (21059): Implemented 25 output pins
    Info (21061): Implemented 69 logic cells
    Info (21064): Implemented 24 RAM segments
Info: Quartus Prime Analysis & Synthesis was successful. 0 errors, 5 warnings
    Info: Peak virtual memory: 4856 megabytes
    Info: Processing ended: Fri Jan 11 16:10:39 2019
    Info: Elapsed time: 00:00:11
    Info: Total CPU time (on all processors): 00:00:26


